<html>
<head>
<title>TestNG:  Signature and flow [chrome]</title>
<link href="../testng.css" rel="stylesheet" type="text/css" />
<link href="../my-testng.css" rel="stylesheet" type="text/css" />

<style type="text/css">
.log { display: none;} 
.stack-trace { display: none;} 
</style>
<script type="text/javascript">
<!--
function flip(e) {
  current = e.style.display;
  if (current == 'block') {
    e.style.display = 'none';
    return 0;
  }
  else {
    e.style.display = 'block';
    return 1;
  }
}

function toggleBox(szDivId, elem, msg1, msg2)
{
  var res = -1;  if (document.getElementById) {
    res = flip(document.getElementById(szDivId));
  }
  else if (document.all) {
    // this is the way old msie versions work
    res = flip(document.all[szDivId]);
  }
  if(elem) {
    if(res == 0) elem.innerHTML = msg1; else elem.innerHTML = msg2;
  }

}

function toggleAllBoxes() {
  if (document.getElementsByTagName) {
    d = document.getElementsByTagName('div');
    for (i = 0; i < d.length; i++) {
      if (d[i].className == 'log') {
        flip(d[i]);
      }
    }
  }
}

// -->
</script>

</head>
<body>
<h2 align='center'>Signature and flow [chrome]</h2><table border='1' align="center">
<tr>
<td>Tests passed/Failed/Skipped:</td><td>0/5/0</td>
</tr><tr>
<td>Started on:</td><td>Mon Jul 09 14:05:04 EEST 2018</td>
</tr>
<tr><td>Total time:</td><td>99 seconds (99689 ms)</td>
</tr><tr>
<td>Included groups:</td><td></td>
</tr><tr>
<td>Excluded groups:</td><td></td>
</tr>
</table><p/>
<small><i>(Hover the method name to see the test class name)</i></small><p/>
<table width='100%' border='1' class='invocation-failed'>
<tr><td colspan='4' align='center'><b>FAILED TESTS</b></td></tr>
<tr><td><b>Test method</b></td>
<td width="30%"><b>Exception</b></td>
<td width="10%"><b>Time (seconds)</b></td>
<td><b>Instance</b></td>
</tr>
<tr>
<td title='myprojects.automation.assignment5.tests.PlaceOrderTest.checkLeasePMTOnSelectDeliveryPage_icla100()'><b>checkLeasePMTOnSelectDeliveryPage_icla100</b><br>Test class: myprojects.automation.assignment5.tests.PlaceOrderTest</td>
<td><div><pre>java.lang.AssertionError: expected [715.85] but found [715.86]
	at myprojects.automation.assignment5.GeneralActions.checkLeasePMTOnSelectDeliveryOptions(GeneralActions.java:624)
	at myprojects.automation.assignment5.tests.PlaceOrderTest.checkLeasePMTOnSelectDeliveryPage_icla100(PlaceOrderTest.java:52)
... Removed 33 stack frames</pre></div><a href='#' onClick='toggleBox("stack-trace1962297767", this, "Click to show all stack frames", "Click to hide stack frames")'>Click to show all stack frames</a>
<div class='stack-trace' id='stack-trace1962297767'><pre>java.lang.AssertionError: expected [715.85] but found [715.86]
	at org.testng.Assert.fail(Assert.java:96)
	at org.testng.Assert.failNotEquals(Assert.java:776)
	at org.testng.Assert.assertEquals(Assert.java:489)
	at org.testng.Assert.assertEquals(Assert.java:502)
	at myprojects.automation.assignment5.GeneralActions.checkLeasePMTOnSelectDeliveryOptions(GeneralActions.java:624)
	at myprojects.automation.assignment5.tests.PlaceOrderTest.checkLeasePMTOnSelectDeliveryPage_icla100(PlaceOrderTest.java:52)
	at java.base/jdk.internal.reflect.NativeMethodAccessorImpl.invoke0(Native Method)
	at java.base/jdk.internal.reflect.NativeMethodAccessorImpl.invoke(NativeMethodAccessorImpl.java:62)
	at java.base/jdk.internal.reflect.DelegatingMethodAccessorImpl.invoke(DelegatingMethodAccessorImpl.java:43)
	at java.base/java.lang.reflect.Method.invoke(Method.java:564)
	at org.testng.internal.MethodInvocationHelper.invokeMethod(MethodInvocationHelper.java:124)
	at org.testng.internal.Invoker.invokeMethod(Invoker.java:583)
	at org.testng.internal.Invoker.invokeTestMethod(Invoker.java:719)
	at org.testng.internal.Invoker.invokeTestMethods(Invoker.java:989)
	at org.testng.internal.TestMethodWorker.invokeTestMethods(TestMethodWorker.java:125)
	at org.testng.internal.TestMethodWorker.run(TestMethodWorker.java:109)
	at org.testng.TestRunner.privateRun(TestRunner.java:648)
	at org.testng.TestRunner.run(TestRunner.java:505)
	at org.testng.SuiteRunner.runTest(SuiteRunner.java:455)
	at org.testng.SuiteRunner.runSequentially(SuiteRunner.java:450)
	at org.testng.SuiteRunner.privateRun(SuiteRunner.java:415)
	at org.testng.SuiteRunner.run(SuiteRunner.java:364)
	at org.testng.SuiteRunnerWorker.runSuite(SuiteRunnerWorker.java:52)
	at org.testng.SuiteRunnerWorker.run(SuiteRunnerWorker.java:84)
	at org.testng.TestNG.runSuitesSequentially(TestNG.java:1208)
	at org.testng.TestNG.runSuitesLocally(TestNG.java:1137)
	at org.testng.TestNG.runSuites(TestNG.java:1049)
	at org.testng.TestNG.run(TestNG.java:1017)
	at org.apache.maven.surefire.testng.TestNGExecutor.run(TestNGExecutor.java:283)
	at org.apache.maven.surefire.testng.TestNGXmlTestSuite.execute(TestNGXmlTestSuite.java:75)
	at org.apache.maven.surefire.testng.TestNGProvider.invoke(TestNGProvider.java:120)
	at org.apache.maven.surefire.booter.ForkedBooter.invokeProviderInSameClassLoader(ForkedBooter.java:373)
	at org.apache.maven.surefire.booter.ForkedBooter.runSuitesInProcess(ForkedBooter.java:334)
	at org.apache.maven.surefire.booter.ForkedBooter.execute(ForkedBooter.java:119)
	at org.apache.maven.surefire.booter.ForkedBooter.main(ForkedBooter.java:407)
</pre></div></td>
<td>0</td>
<td>myprojects.automation.assignment5.tests.PlaceOrderTest@3c9754d8</td></tr>
<tr>
<td title='myprojects.automation.assignment5.tests.PlaceOrderTest.checkRecivedPayment_icla101()'><b>checkRecivedPayment_icla101</b><br>Test class: myprojects.automation.assignment5.tests.PlaceOrderTest<br/>
<a href="#Output-937840183" onClick='toggleBox("Output-937840183", this, "Show output", "Hide output");'>Show output</a>

<a href="#Output-937840183" onClick="toggleAllBoxes();">Show all outputs</a>
<div class='log' id="Output-937840183">
[14:06:03.0514158] Main page is passed<br/>
[14:06:03.2041812] 
Passed budget Page<br/>
[14:06:06.4788679] ACTION: 
 Passed Full Name<br/>
[14:06:07.1343333] 
 Passed Full name page<br/>
[14:06:09.6824644] ACTION: Birthday entered<br/>
[14:06:10.7760494] step Set Gender is Passed<br/>
[14:06:11.7444605] Step Set WorkType is Passed<br/>
[14:06:11.7704734] Step Set WorkType is Passed<br/>
[14:06:13.3138675] 
 Passed workExpirience page<br/>
[14:06:15.0132729] 
 Passed monthlyIncome<br/>
[14:06:16.0732123] 
 Monthly income is confirmed<br/>
[14:06:16.7765037] 
 Upload link click Passed<br/>
[14:06:19.2027182] ACTION: 
Set downpayment$1000<br/>
[14:06:19.3344722] 
 Downpament page passed 1000<br/>
[14:06:30.6755333] ACTION: Failed Car selection<br/>
SelectCar<a href=file:/C:/InstantCaRAutomation/InstantCarAutomation/screenshot/%20SelectCar_.png> click to open screenshot of SelectCar</a><br><br/>
<br><br/>
</div>
</td>
<td><div><pre>java.lang.AssertionError: expected [715.86] but found [740.0]
	at myprojects.automation.assignment5.GeneralActions.recivedPayment(GeneralActions.java:583)
	at myprojects.automation.assignment5.tests.PlaceOrderTest.checkRecivedPayment_icla101(PlaceOrderTest.java:103)
... Removed 33 stack frames</pre></div><a href='#' onClick='toggleBox("stack-trace937840183", this, "Click to show all stack frames", "Click to hide stack frames")'>Click to show all stack frames</a>
<div class='stack-trace' id='stack-trace937840183'><pre>java.lang.AssertionError: expected [715.86] but found [740.0]
	at org.testng.Assert.fail(Assert.java:96)
	at org.testng.Assert.failNotEquals(Assert.java:776)
	at org.testng.Assert.assertEquals(Assert.java:489)
	at org.testng.Assert.assertEquals(Assert.java:502)
	at myprojects.automation.assignment5.GeneralActions.recivedPayment(GeneralActions.java:583)
	at myprojects.automation.assignment5.tests.PlaceOrderTest.checkRecivedPayment_icla101(PlaceOrderTest.java:103)
	at java.base/jdk.internal.reflect.NativeMethodAccessorImpl.invoke0(Native Method)
	at java.base/jdk.internal.reflect.NativeMethodAccessorImpl.invoke(NativeMethodAccessorImpl.java:62)
	at java.base/jdk.internal.reflect.DelegatingMethodAccessorImpl.invoke(DelegatingMethodAccessorImpl.java:43)
	at java.base/java.lang.reflect.Method.invoke(Method.java:564)
	at org.testng.internal.MethodInvocationHelper.invokeMethod(MethodInvocationHelper.java:124)
	at org.testng.internal.Invoker.invokeMethod(Invoker.java:583)
	at org.testng.internal.Invoker.invokeTestMethod(Invoker.java:719)
	at org.testng.internal.Invoker.invokeTestMethods(Invoker.java:989)
	at org.testng.internal.TestMethodWorker.invokeTestMethods(TestMethodWorker.java:125)
	at org.testng.internal.TestMethodWorker.run(TestMethodWorker.java:109)
	at org.testng.TestRunner.privateRun(TestRunner.java:648)
	at org.testng.TestRunner.run(TestRunner.java:505)
	at org.testng.SuiteRunner.runTest(SuiteRunner.java:455)
	at org.testng.SuiteRunner.runSequentially(SuiteRunner.java:450)
	at org.testng.SuiteRunner.privateRun(SuiteRunner.java:415)
	at org.testng.SuiteRunner.run(SuiteRunner.java:364)
	at org.testng.SuiteRunnerWorker.runSuite(SuiteRunnerWorker.java:52)
	at org.testng.SuiteRunnerWorker.run(SuiteRunnerWorker.java:84)
	at org.testng.TestNG.runSuitesSequentially(TestNG.java:1208)
	at org.testng.TestNG.runSuitesLocally(TestNG.java:1137)
	at org.testng.TestNG.runSuites(TestNG.java:1049)
	at org.testng.TestNG.run(TestNG.java:1017)
	at org.apache.maven.surefire.testng.TestNGExecutor.run(TestNGExecutor.java:283)
	at org.apache.maven.surefire.testng.TestNGXmlTestSuite.execute(TestNGXmlTestSuite.java:75)
	at org.apache.maven.surefire.testng.TestNGProvider.invoke(TestNGProvider.java:120)
	at org.apache.maven.surefire.booter.ForkedBooter.invokeProviderInSameClassLoader(ForkedBooter.java:373)
	at org.apache.maven.surefire.booter.ForkedBooter.runSuitesInProcess(ForkedBooter.java:334)
	at org.apache.maven.surefire.booter.ForkedBooter.execute(ForkedBooter.java:119)
	at org.apache.maven.surefire.booter.ForkedBooter.main(ForkedBooter.java:407)
</pre></div></td>
<td>38</td>
<td>myprojects.automation.assignment5.tests.PlaceOrderTest@3c9754d8</td></tr>
<tr>
<td title='myprojects.automation.assignment5.tests.PlaceOrderTest.checkSignature()'><b>checkSignature</b><br>Test class: myprojects.automation.assignment5.tests.PlaceOrderTest<br/>
<a href="#Output-235162442" onClick='toggleBox("Output-235162442", this, "Show output", "Hide output");'>Show output</a>

<a href="#Output-235162442" onClick="toggleAllBoxes();">Show all outputs</a>
<div class='log' id="Output-235162442">
[14:05:20.6711641] Main page is passed<br/>
[14:05:21.0190174] 
Passed budget Page<br/>
[14:05:28.1203506] 
 Set SMS Page is passed<br/>
[14:05:31.2528223] ACTION: 
 Passed Full Name<br/>
[14:05:31.891209] 
 Passed Full name page<br/>
[14:05:35.0175576] ACTION: Birthday entered<br/>
[14:05:36.2591652] step Set Gender is Passed<br/>
[14:05:37.0028951] Step Set WorkType is Passed<br/>
[14:05:37.0363314] Step Set WorkType is Passed<br/>
[14:05:38.7256563] 
 Passed workExpirience page<br/>
[14:05:40.4021931] 
 Passed monthlyIncome<br/>
[14:05:41.4402287] 
 Monthly income is confirmed<br/>
[14:05:42.9417888] 
 Upload link click Passed<br/>
[14:05:45.5369985] ACTION: 
Set downpayment$1000<br/>
[14:05:45.6557793] 
 Downpament page passed 1000<br/>
[14:05:56.8967865] ACTION: Failed Car selection<br/>
SelectCar<a href=file:/C:/InstantCaRAutomation/InstantCarAutomation/screenshot/%20SelectCar_.png> click to open screenshot of SelectCar</a><br><br/>
<br><br/>
[14:06:01.6292607] 
 Lease rate is passed->633.5:633.5<br/>
</div>
</td>
<td><div><pre>java.lang.AssertionError: expected [82.35] but found [82.36]
	at myprojects.automation.assignment5.GeneralActions.checkOrderSignature(GeneralActions.java:516)
	at myprojects.automation.assignment5.GeneralActions.orderSignature(GeneralActions.java:486)
	at myprojects.automation.assignment5.tests.PlaceOrderTest.checkSignature(PlaceOrderTest.java:45)
... Removed 34 stack frames</pre></div><a href='#' onClick='toggleBox("stack-trace235162442", this, "Click to show all stack frames", "Click to hide stack frames")'>Click to show all stack frames</a>
<div class='stack-trace' id='stack-trace235162442'><pre>java.lang.AssertionError: expected [82.35] but found [82.36]
	at org.testng.Assert.fail(Assert.java:96)
	at org.testng.Assert.failNotEquals(Assert.java:776)
	at org.testng.Assert.assertEqualsImpl(Assert.java:137)
	at org.testng.Assert.assertEquals(Assert.java:118)
	at org.testng.Assert.assertEquals(Assert.java:442)
	at myprojects.automation.assignment5.GeneralActions.checkOrderSignature(GeneralActions.java:516)
	at myprojects.automation.assignment5.GeneralActions.orderSignature(GeneralActions.java:486)
	at myprojects.automation.assignment5.tests.PlaceOrderTest.checkSignature(PlaceOrderTest.java:45)
	at java.base/jdk.internal.reflect.NativeMethodAccessorImpl.invoke0(Native Method)
	at java.base/jdk.internal.reflect.NativeMethodAccessorImpl.invoke(NativeMethodAccessorImpl.java:62)
	at java.base/jdk.internal.reflect.DelegatingMethodAccessorImpl.invoke(DelegatingMethodAccessorImpl.java:43)
	at java.base/java.lang.reflect.Method.invoke(Method.java:564)
	at org.testng.internal.MethodInvocationHelper.invokeMethod(MethodInvocationHelper.java:124)
	at org.testng.internal.Invoker.invokeMethod(Invoker.java:583)
	at org.testng.internal.Invoker.invokeTestMethod(Invoker.java:719)
	at org.testng.internal.Invoker.invokeTestMethods(Invoker.java:989)
	at org.testng.internal.TestMethodWorker.invokeTestMethods(TestMethodWorker.java:125)
	at org.testng.internal.TestMethodWorker.run(TestMethodWorker.java:109)
	at org.testng.TestRunner.privateRun(TestRunner.java:648)
	at org.testng.TestRunner.run(TestRunner.java:505)
	at org.testng.SuiteRunner.runTest(SuiteRunner.java:455)
	at org.testng.SuiteRunner.runSequentially(SuiteRunner.java:450)
	at org.testng.SuiteRunner.privateRun(SuiteRunner.java:415)
	at org.testng.SuiteRunner.run(SuiteRunner.java:364)
	at org.testng.SuiteRunnerWorker.runSuite(SuiteRunnerWorker.java:52)
	at org.testng.SuiteRunnerWorker.run(SuiteRunnerWorker.java:84)
	at org.testng.TestNG.runSuitesSequentially(TestNG.java:1208)
	at org.testng.TestNG.runSuitesLocally(TestNG.java:1137)
	at org.testng.TestNG.runSuites(TestNG.java:1049)
	at org.testng.TestNG.run(TestNG.java:1017)
	at org.apache.maven.surefire.testng.TestNGExecutor.run(TestNGExecutor.java:283)
	at org.apache.maven.surefire.testng.TestNGXmlTestSuite.execute(TestNGXmlTestSuite.java:75)
	at org.apache.maven.surefire.testng.TestNGProvider.invoke(TestNGProvider.java:120)
	at org.apache.maven.surefire.booter.ForkedBooter.invokeProviderInSameClassLoader(ForkedBooter.java:373)
	at org.apache.maven.surefire.booter.ForkedBooter.runSuitesInProcess(ForkedBooter.java:334)
	at org.apache.maven.surefire.booter.ForkedBooter.execute(ForkedBooter.java:119)
	at org.apache.maven.surefire.booter.ForkedBooter.main(ForkedBooter.java:407)
</pre></div></td>
<td>52</td>
<td>myprojects.automation.assignment5.tests.PlaceOrderTest@3c9754d8</td></tr>
<tr>
<td title='myprojects.automation.assignment5.tests.PlaceOrderTest.checkVehiclePriceAfterReturn_icla102()'><b>checkVehiclePriceAfterReturn_icla102</b><br>Test class: myprojects.automation.assignment5.tests.PlaceOrderTest</td>
<td><div><pre>java.lang.AssertionError: expected [715.86] but found [740.0]
	at myprojects.automation.assignment5.GeneralActions.recivedPayment(GeneralActions.java:583)
	at myprojects.automation.assignment5.tests.PlaceOrderTest.checkVehiclePriceAfterReturn_icla102(PlaceOrderTest.java:113)
... Removed 33 stack frames</pre></div><a href='#' onClick='toggleBox("stack-trace873416483", this, "Click to show all stack frames", "Click to hide stack frames")'>Click to show all stack frames</a>
<div class='stack-trace' id='stack-trace873416483'><pre>java.lang.AssertionError: expected [715.86] but found [740.0]
	at org.testng.Assert.fail(Assert.java:96)
	at org.testng.Assert.failNotEquals(Assert.java:776)
	at org.testng.Assert.assertEquals(Assert.java:489)
	at org.testng.Assert.assertEquals(Assert.java:502)
	at myprojects.automation.assignment5.GeneralActions.recivedPayment(GeneralActions.java:583)
	at myprojects.automation.assignment5.tests.PlaceOrderTest.checkVehiclePriceAfterReturn_icla102(PlaceOrderTest.java:113)
	at java.base/jdk.internal.reflect.NativeMethodAccessorImpl.invoke0(Native Method)
	at java.base/jdk.internal.reflect.NativeMethodAccessorImpl.invoke(NativeMethodAccessorImpl.java:62)
	at java.base/jdk.internal.reflect.DelegatingMethodAccessorImpl.invoke(DelegatingMethodAccessorImpl.java:43)
	at java.base/java.lang.reflect.Method.invoke(Method.java:564)
	at org.testng.internal.MethodInvocationHelper.invokeMethod(MethodInvocationHelper.java:124)
	at org.testng.internal.Invoker.invokeMethod(Invoker.java:583)
	at org.testng.internal.Invoker.invokeTestMethod(Invoker.java:719)
	at org.testng.internal.Invoker.invokeTestMethods(Invoker.java:989)
	at org.testng.internal.TestMethodWorker.invokeTestMethods(TestMethodWorker.java:125)
	at org.testng.internal.TestMethodWorker.run(TestMethodWorker.java:109)
	at org.testng.TestRunner.privateRun(TestRunner.java:648)
	at org.testng.TestRunner.run(TestRunner.java:505)
	at org.testng.SuiteRunner.runTest(SuiteRunner.java:455)
	at org.testng.SuiteRunner.runSequentially(SuiteRunner.java:450)
	at org.testng.SuiteRunner.privateRun(SuiteRunner.java:415)
	at org.testng.SuiteRunner.run(SuiteRunner.java:364)
	at org.testng.SuiteRunnerWorker.runSuite(SuiteRunnerWorker.java:52)
	at org.testng.SuiteRunnerWorker.run(SuiteRunnerWorker.java:84)
	at org.testng.TestNG.runSuitesSequentially(TestNG.java:1208)
	at org.testng.TestNG.runSuitesLocally(TestNG.java:1137)
	at org.testng.TestNG.runSuites(TestNG.java:1049)
	at org.testng.TestNG.run(TestNG.java:1017)
	at org.apache.maven.surefire.testng.TestNGExecutor.run(TestNGExecutor.java:283)
	at org.apache.maven.surefire.testng.TestNGXmlTestSuite.execute(TestNGXmlTestSuite.java:75)
	at org.apache.maven.surefire.testng.TestNGProvider.invoke(TestNGProvider.java:120)
	at org.apache.maven.surefire.booter.ForkedBooter.invokeProviderInSameClassLoader(ForkedBooter.java:373)
	at org.apache.maven.surefire.booter.ForkedBooter.runSuitesInProcess(ForkedBooter.java:334)
	at org.apache.maven.surefire.booter.ForkedBooter.execute(ForkedBooter.java:119)
	at org.apache.maven.surefire.booter.ForkedBooter.main(ForkedBooter.java:407)
</pre></div></td>
<td>3</td>
<td>myprojects.automation.assignment5.tests.PlaceOrderTest@3c9754d8</td></tr>
<tr>
<td title='myprojects.automation.assignment5.tests.PlaceOrderTest.check_icla99()'><b>check_icla99</b><br>Test class: myprojects.automation.assignment5.tests.PlaceOrderTest</td>
<td><div><pre>java.lang.AssertionError: expected [715.86] but found [715.85]
	at myprojects.automation.assignment5.GeneralActions.checkLeaseRateOnCarPtifilePage(GeneralActions.java:667)
	at myprojects.automation.assignment5.tests.PlaceOrderTest.check_icla99(PlaceOrderTest.java:58)
... Removed 33 stack frames</pre></div><a href='#' onClick='toggleBox("stack-trace1307655632", this, "Click to show all stack frames", "Click to hide stack frames")'>Click to show all stack frames</a>
<div class='stack-trace' id='stack-trace1307655632'><pre>java.lang.AssertionError: expected [715.86] but found [715.85]
	at org.testng.Assert.fail(Assert.java:96)
	at org.testng.Assert.failNotEquals(Assert.java:776)
	at org.testng.Assert.assertEquals(Assert.java:489)
	at org.testng.Assert.assertEquals(Assert.java:502)
	at myprojects.automation.assignment5.GeneralActions.checkLeaseRateOnCarPtifilePage(GeneralActions.java:667)
	at myprojects.automation.assignment5.tests.PlaceOrderTest.check_icla99(PlaceOrderTest.java:58)
	at java.base/jdk.internal.reflect.NativeMethodAccessorImpl.invoke0(Native Method)
	at java.base/jdk.internal.reflect.NativeMethodAccessorImpl.invoke(NativeMethodAccessorImpl.java:62)
	at java.base/jdk.internal.reflect.DelegatingMethodAccessorImpl.invoke(DelegatingMethodAccessorImpl.java:43)
	at java.base/java.lang.reflect.Method.invoke(Method.java:564)
	at org.testng.internal.MethodInvocationHelper.invokeMethod(MethodInvocationHelper.java:124)
	at org.testng.internal.Invoker.invokeMethod(Invoker.java:583)
	at org.testng.internal.Invoker.invokeTestMethod(Invoker.java:719)
	at org.testng.internal.Invoker.invokeTestMethods(Invoker.java:989)
	at org.testng.internal.TestMethodWorker.invokeTestMethods(TestMethodWorker.java:125)
	at org.testng.internal.TestMethodWorker.run(TestMethodWorker.java:109)
	at org.testng.TestRunner.privateRun(TestRunner.java:648)
	at org.testng.TestRunner.run(TestRunner.java:505)
	at org.testng.SuiteRunner.runTest(SuiteRunner.java:455)
	at org.testng.SuiteRunner.runSequentially(SuiteRunner.java:450)
	at org.testng.SuiteRunner.privateRun(SuiteRunner.java:415)
	at org.testng.SuiteRunner.run(SuiteRunner.java:364)
	at org.testng.SuiteRunnerWorker.runSuite(SuiteRunnerWorker.java:52)
	at org.testng.SuiteRunnerWorker.run(SuiteRunnerWorker.java:84)
	at org.testng.TestNG.runSuitesSequentially(TestNG.java:1208)
	at org.testng.TestNG.runSuitesLocally(TestNG.java:1137)
	at org.testng.TestNG.runSuites(TestNG.java:1049)
	at org.testng.TestNG.run(TestNG.java:1017)
	at org.apache.maven.surefire.testng.TestNGExecutor.run(TestNGExecutor.java:283)
	at org.apache.maven.surefire.testng.TestNGXmlTestSuite.execute(TestNGXmlTestSuite.java:75)
	at org.apache.maven.surefire.testng.TestNGProvider.invoke(TestNGProvider.java:120)
	at org.apache.maven.surefire.booter.ForkedBooter.invokeProviderInSameClassLoader(ForkedBooter.java:373)
	at org.apache.maven.surefire.booter.ForkedBooter.runSuitesInProcess(ForkedBooter.java:334)
	at org.apache.maven.surefire.booter.ForkedBooter.execute(ForkedBooter.java:119)
	at org.apache.maven.surefire.booter.ForkedBooter.main(ForkedBooter.java:407)
</pre></div></td>
<td>0</td>
<td>myprojects.automation.assignment5.tests.PlaceOrderTest@3c9754d8</td></tr>
</table><p>
</body>
</html>