<?xml version="1.0" encoding="UTF-8"?>
<!-- Generated by org.testng.reporters.JUnitXMLReporter -->
<testsuite ignored="2" hostname="Comp" failures="5" tests="5" name="Signature and flow [chrome]" time="99.689" errors="0" timestamp="09 лип. 2018 11:06:44 GMT">
  <testcase classname="myprojects.automation.assignment5.tests.PlaceOrderTest" name="checkSignature" time="52.651">
    <failure type="java.lang.AssertionError" message="expected [82.35] but found [82.36]">
      <![CDATA[java.lang.AssertionError: expected [82.35] but found [82.36]
at myprojects.automation.assignment5.GeneralActions.checkOrderSignature(GeneralActions.java:516)
at myprojects.automation.assignment5.GeneralActions.orderSignature(GeneralActions.java:486)
at myprojects.automation.assignment5.tests.PlaceOrderTest.checkSignature(PlaceOrderTest.java:45)
... Removed 34 stack frames]]>
    </failure>
  </testcase> <!-- checkSignature -->
  <testcase classname="myprojects.automation.assignment5.tests.PlaceOrderTest" name="checkLeasePMTOnSelectDeliveryPage_icla100" time="0.149">
    <failure type="java.lang.AssertionError" message="expected [715.85] but found [715.86]">
      <![CDATA[java.lang.AssertionError: expected [715.85] but found [715.86]
at myprojects.automation.assignment5.GeneralActions.checkLeasePMTOnSelectDeliveryOptions(GeneralActions.java:624)
at myprojects.automation.assignment5.tests.PlaceOrderTest.checkLeasePMTOnSelectDeliveryPage_icla100(PlaceOrderTest.java:52)
... Removed 33 stack frames]]>
    </failure>
  </testcase> <!-- checkLeasePMTOnSelectDeliveryPage_icla100 -->
  <testcase classname="myprojects.automation.assignment5.tests.PlaceOrderTest" name="check_icla99" time="0.113">
    <failure type="java.lang.AssertionError" message="expected [715.86] but found [715.85]">
      <![CDATA[java.lang.AssertionError: expected [715.86] but found [715.85]
at myprojects.automation.assignment5.GeneralActions.checkLeaseRateOnCarPtifilePage(GeneralActions.java:667)
at myprojects.automation.assignment5.tests.PlaceOrderTest.check_icla99(PlaceOrderTest.java:58)
... Removed 33 stack frames]]>
    </failure>
  </testcase> <!-- check_icla99 -->
  <testcase classname="myprojects.automation.assignment5.tests.PlaceOrderTest" name="checkRecivedPayment_icla101" time="38.628">
    <failure type="java.lang.AssertionError" message="expected [715.86] but found [740.0]">
      <![CDATA[java.lang.AssertionError: expected [715.86] but found [740.0]
at myprojects.automation.assignment5.GeneralActions.recivedPayment(GeneralActions.java:583)
at myprojects.automation.assignment5.tests.PlaceOrderTest.checkRecivedPayment_icla101(PlaceOrderTest.java:103)
... Removed 33 stack frames]]>
    </failure>
  </testcase> <!-- checkRecivedPayment_icla101 -->
  <testcase classname="myprojects.automation.assignment5.tests.PlaceOrderTest" name="checkVehiclePriceAfterReturn_icla102" time="3.449">
    <failure type="java.lang.AssertionError" message="expected [715.86] but found [740.0]">
      <![CDATA[java.lang.AssertionError: expected [715.86] but found [740.0]
at myprojects.automation.assignment5.GeneralActions.recivedPayment(GeneralActions.java:583)
at myprojects.automation.assignment5.tests.PlaceOrderTest.checkVehiclePriceAfterReturn_icla102(PlaceOrderTest.java:113)
... Removed 33 stack frames]]>
    </failure>
  </testcase> <!-- checkVehiclePriceAfterReturn_icla102 -->
  <testcase classname="myprojects.automation.assignment5.tests.PlaceOrderTest" name="checkFileUpload_valid" time="0.0">
    <ignored/>
  </testcase> <!-- checkFileUpload_valid -->
  <testcase classname="myprojects.automation.assignment5.tests.PlaceOrderTest" name="checkSignatureRecive" time="0.0">
    <ignored/>
  </testcase> <!-- checkSignatureRecive -->
</testsuite> <!-- Signature and flow [chrome] -->
