<!DOCTYPE html PUBLIC "-//W3C//DTD XHTML 1.1//EN" "http://www.w3.org/TR/xhtml11/DTD/xhtml11.dtd">
<html xmlns="http://www.w3.org/1999/xhtml">
<head>
<meta http-equiv="content-type" content="text/html; charset=UTF-8"/>
<title>TestNG Report</title>
<style type="text/css">table {margin-bottom:10px;border-collapse:collapse;empty-cells:show}th,td {border:1px solid #009;padding:.25em .5em}th {vertical-align:bottom}td {vertical-align:top}table a {font-weight:bold}.stripe td {background-color: #E6EBF9}.num {text-align:right}.passedodd td {background-color: #3F3}.passedeven td {background-color: #0A0}.skippedodd td {background-color: #DDD}.skippedeven td {background-color: #CCC}.failedodd td,.attn {background-color: #F33}.failedeven td,.stripe .attn {background-color: #D00}.stacktrace {white-space:pre;font-family:monospace}.totop {font-size:85%;text-align:center;border-bottom:2px solid #000}.invisible {display:none}</style>
</head>
<body>
<table>
<tr><th>Test</th><th># Passed</th><th># Skipped</th><th># Failed</th><th>Time (ms)</th><th>Included Groups</th><th>Excluded Groups</th></tr>
<tr><th colspan="7">Products Management</th></tr>
<tr><td><a href="#t0">Signature and flow [chrome]</a></td><td class="num">0</td><td class="num">0</td><td class="num attn">5</td><td class="num">99 689</td><td></td><td></td></tr>
<tr class="stripe"><td><a href="#t1">API testing</a></td><td class="num">1</td><td class="num">0</td><td class="num">0</td><td class="num">6 161</td><td></td><td></td></tr>
<tr><th>Total</th><th class="num">1</th><th class="num">0</th><th class="num attn">5</th><th class="num">105 850</th><th colspan="2"></th></tr>
</table>
<table id='summary'><thead><tr><th>Class</th><th>Method</th><th>Start</th><th>Time (ms)</th></tr></thead><tbody><tr><th colspan="4">Products Management</th></tr></tbody><tbody id="t0"><tr><th colspan="4">Signature and flow [chrome] &#8212; failed</th></tr><tr class="failedeven"><td rowspan="5">myprojects.automation.assignment5.tests.PlaceOrderTest</td><td><a href="#m0">checkLeasePMTOnSelectDeliveryPage_icla100</a></td><td rowspan="1">1531134361667</td><td rowspan="1">149</td></tr><tr class="failedeven"><td><a href="#m1">checkRecivedPayment_icla101</a></td><td rowspan="1">1531134361930</td><td rowspan="1">38628</td></tr><tr class="failedeven"><td><a href="#m2">checkSignature</a></td><td rowspan="1">1531134309009</td><td rowspan="1">52651</td></tr><tr class="failedeven"><td><a href="#m3">checkVehiclePriceAfterReturn_icla102</a></td><td rowspan="1">1531134400559</td><td rowspan="1">3449</td></tr><tr class="failedeven"><td><a href="#m4">check_icla99</a></td><td rowspan="1">1531134361816</td><td rowspan="1">113</td></tr></tbody>
<tbody id="t1"><tr><th colspan="4">API testing &#8212; passed</th></tr><tr class="passedeven"><td rowspan="1">myprojects.automation.assignment5.tests.clienPartAPITEST</td><td><a href="#m5">checkAPISignUP</a></td><td rowspan="1">1531134407430</td><td rowspan="1">2809</td></tr></tbody>
</table>
<h2>Signature and flow [chrome]</h2><h3 id="m0">myprojects.automation.assignment5.tests.PlaceOrderTest#checkLeasePMTOnSelectDeliveryPage_icla100</h3><table class="result"><tr><th>Exception</th></tr><tr><td><div class="stacktrace">java.lang.AssertionError: expected [715.85] but found [715.86]
	at myprojects.automation.assignment5.GeneralActions.checkLeasePMTOnSelectDeliveryOptions(GeneralActions.java:624)
	at myprojects.automation.assignment5.tests.PlaceOrderTest.checkLeasePMTOnSelectDeliveryPage_icla100(PlaceOrderTest.java:52)
... Removed 33 stack frames</div></td></tr></table><p class="totop"><a href="#summary">back to summary</a></p>
<h3 id="m1">myprojects.automation.assignment5.tests.PlaceOrderTest#checkRecivedPayment_icla101</h3><table class="result"><tr><th>Messages</th></tr><tr><td><div class="messages">[14:06:03.0514158] Main page is passed<br/>[14:06:03.2041812] 
Passed budget Page<br/>[14:06:06.4788679] ACTION: 
 Passed Full Name<br/>[14:06:07.1343333] 
 Passed Full name page<br/>[14:06:09.6824644] ACTION: Birthday entered<br/>[14:06:10.7760494] step Set Gender is Passed<br/>[14:06:11.7444605] Step Set WorkType is Passed<br/>[14:06:11.7704734] Step Set WorkType is Passed<br/>[14:06:13.3138675] 
 Passed workExpirience page<br/>[14:06:15.0132729] 
 Passed monthlyIncome<br/>[14:06:16.0732123] 
 Monthly income is confirmed<br/>[14:06:16.7765037] 
 Upload link click Passed<br/>[14:06:19.2027182] ACTION: 
Set downpayment$1000<br/>[14:06:19.3344722] 
 Downpament page passed 1000<br/>[14:06:30.6755333] ACTION: Failed Car selection<br/>SelectCar<a href=file:/C:/InstantCaRAutomation/InstantCarAutomation/screenshot/%20SelectCar_.png> click to open screenshot of SelectCar</a><br><br/><br></div></td></tr><tr><th>Exception</th></tr><tr><td><div class="stacktrace">java.lang.AssertionError: expected [715.86] but found [740.0]
	at myprojects.automation.assignment5.GeneralActions.recivedPayment(GeneralActions.java:583)
	at myprojects.automation.assignment5.tests.PlaceOrderTest.checkRecivedPayment_icla101(PlaceOrderTest.java:103)
... Removed 33 stack frames</div></td></tr></table><p class="totop"><a href="#summary">back to summary</a></p>
<h3 id="m2">myprojects.automation.assignment5.tests.PlaceOrderTest#checkSignature</h3><table class="result"><tr><th>Messages</th></tr><tr><td><div class="messages">[14:05:20.6711641] Main page is passed<br/>[14:05:21.0190174] 
Passed budget Page<br/>[14:05:28.1203506] 
 Set SMS Page is passed<br/>[14:05:31.2528223] ACTION: 
 Passed Full Name<br/>[14:05:31.891209] 
 Passed Full name page<br/>[14:05:35.0175576] ACTION: Birthday entered<br/>[14:05:36.2591652] step Set Gender is Passed<br/>[14:05:37.0028951] Step Set WorkType is Passed<br/>[14:05:37.0363314] Step Set WorkType is Passed<br/>[14:05:38.7256563] 
 Passed workExpirience page<br/>[14:05:40.4021931] 
 Passed monthlyIncome<br/>[14:05:41.4402287] 
 Monthly income is confirmed<br/>[14:05:42.9417888] 
 Upload link click Passed<br/>[14:05:45.5369985] ACTION: 
Set downpayment$1000<br/>[14:05:45.6557793] 
 Downpament page passed 1000<br/>[14:05:56.8967865] ACTION: Failed Car selection<br/>SelectCar<a href=file:/C:/InstantCaRAutomation/InstantCarAutomation/screenshot/%20SelectCar_.png> click to open screenshot of SelectCar</a><br><br/><br><br/>[14:06:01.6292607] 
 Lease rate is passed->633.5:633.5</div></td></tr><tr><th>Exception</th></tr><tr><td><div class="stacktrace">java.lang.AssertionError: expected [82.35] but found [82.36]
	at myprojects.automation.assignment5.GeneralActions.checkOrderSignature(GeneralActions.java:516)
	at myprojects.automation.assignment5.GeneralActions.orderSignature(GeneralActions.java:486)
	at myprojects.automation.assignment5.tests.PlaceOrderTest.checkSignature(PlaceOrderTest.java:45)
... Removed 34 stack frames</div></td></tr></table><p class="totop"><a href="#summary">back to summary</a></p>
<h3 id="m3">myprojects.automation.assignment5.tests.PlaceOrderTest#checkVehiclePriceAfterReturn_icla102</h3><table class="result"><tr><th>Exception</th></tr><tr><td><div class="stacktrace">java.lang.AssertionError: expected [715.86] but found [740.0]
	at myprojects.automation.assignment5.GeneralActions.recivedPayment(GeneralActions.java:583)
	at myprojects.automation.assignment5.tests.PlaceOrderTest.checkVehiclePriceAfterReturn_icla102(PlaceOrderTest.java:113)
... Removed 33 stack frames</div></td></tr></table><p class="totop"><a href="#summary">back to summary</a></p>
<h3 id="m4">myprojects.automation.assignment5.tests.PlaceOrderTest#check_icla99</h3><table class="result"><tr><th>Exception</th></tr><tr><td><div class="stacktrace">java.lang.AssertionError: expected [715.86] but found [715.85]
	at myprojects.automation.assignment5.GeneralActions.checkLeaseRateOnCarPtifilePage(GeneralActions.java:667)
	at myprojects.automation.assignment5.tests.PlaceOrderTest.check_icla99(PlaceOrderTest.java:58)
... Removed 33 stack frames</div></td></tr></table><p class="totop"><a href="#summary">back to summary</a></p>
<h2>API testing</h2><h3 id="m5">myprojects.automation.assignment5.tests.clienPartAPITEST#checkAPISignUP</h3><table class="result"><tr><th class="invisible"/></tr></table><p class="totop"><a href="#summary">back to summary</a></p>
</body>
</html>
