<?xml version="1.0" encoding="UTF-8"?>
<testng-results ignored="3" total="9" passed="1" failed="5" skipped="0">
  <reporter-output>
    <line>
      <![CDATA[[14:05:20.6711641] Main page is passed]]>
    </line>
    <line>
      <![CDATA[[14:05:21.0190174] 
Passed budget Page]]>
    </line>
    <line>
      <![CDATA[[14:05:28.1203506] 
 Set SMS Page is passed]]>
    </line>
    <line>
      <![CDATA[[14:05:31.2528223] ACTION: 
 Passed Full Name]]>
    </line>
    <line>
      <![CDATA[[14:05:31.891209] 
 Passed Full name page]]>
    </line>
    <line>
      <![CDATA[[14:05:35.0175576] ACTION: Birthday entered]]>
    </line>
    <line>
      <![CDATA[[14:05:36.2591652] step Set Gender is Passed]]>
    </line>
    <line>
      <![CDATA[[14:05:37.0028951] Step Set WorkType is Passed]]>
    </line>
    <line>
      <![CDATA[[14:05:37.0363314] Step Set WorkType is Passed]]>
    </line>
    <line>
      <![CDATA[[14:05:38.7256563] 
 Passed workExpirience page]]>
    </line>
    <line>
      <![CDATA[[14:05:40.4021931] 
 Passed monthlyIncome]]>
    </line>
    <line>
      <![CDATA[[14:05:41.4402287] 
 Monthly income is confirmed]]>
    </line>
    <line>
      <![CDATA[[14:05:42.9417888] 
 Upload link click Passed]]>
    </line>
    <line>
      <![CDATA[[14:05:45.5369985] ACTION: 
Set downpayment$1000]]>
    </line>
    <line>
      <![CDATA[[14:05:45.6557793] 
 Downpament page passed 1000]]>
    </line>
    <line>
      <![CDATA[[14:05:56.8967865] ACTION: Failed Car selection]]>
    </line>
    <line>
      <![CDATA[SelectCar<a href=file:/C:/InstantCaRAutomation/InstantCarAutomation/screenshot/%20SelectCar_.png> click to open screenshot of SelectCar</a><br>]]>
    </line>
    <line>
      <![CDATA[<br>]]>
    </line>
    <line>
      <![CDATA[[14:06:01.6292607] 
 Lease rate is passed->633.5:633.5]]>
    </line>
    <line>
      <![CDATA[[14:06:03.0514158] Main page is passed]]>
    </line>
    <line>
      <![CDATA[[14:06:03.2041812] 
Passed budget Page]]>
    </line>
    <line>
      <![CDATA[[14:06:06.4788679] ACTION: 
 Passed Full Name]]>
    </line>
    <line>
      <![CDATA[[14:06:07.1343333] 
 Passed Full name page]]>
    </line>
    <line>
      <![CDATA[[14:06:09.6824644] ACTION: Birthday entered]]>
    </line>
    <line>
      <![CDATA[[14:06:10.7760494] step Set Gender is Passed]]>
    </line>
    <line>
      <![CDATA[[14:06:11.7444605] Step Set WorkType is Passed]]>
    </line>
    <line>
      <![CDATA[[14:06:11.7704734] Step Set WorkType is Passed]]>
    </line>
    <line>
      <![CDATA[[14:06:13.3138675] 
 Passed workExpirience page]]>
    </line>
    <line>
      <![CDATA[[14:06:15.0132729] 
 Passed monthlyIncome]]>
    </line>
    <line>
      <![CDATA[[14:06:16.0732123] 
 Monthly income is confirmed]]>
    </line>
    <line>
      <![CDATA[[14:06:16.7765037] 
 Upload link click Passed]]>
    </line>
    <line>
      <![CDATA[[14:06:19.2027182] ACTION: 
Set downpayment$1000]]>
    </line>
    <line>
      <![CDATA[[14:06:19.3344722] 
 Downpament page passed 1000]]>
    </line>
    <line>
      <![CDATA[[14:06:30.6755333] ACTION: Failed Car selection]]>
    </line>
    <line>
      <![CDATA[SelectCar<a href=file:/C:/InstantCaRAutomation/InstantCarAutomation/screenshot/%20SelectCar_.png> click to open screenshot of SelectCar</a><br>]]>
    </line>
    <line>
      <![CDATA[<br>]]>
    </line>
  </reporter-output>
  <suite started-at="2018-07-09T11:05:04Z" name="Products Management" finished-at="2018-07-09T11:06:50Z" duration-ms="105919">
    <groups>
    </groups>
    <test started-at="2018-07-09T11:05:04Z" name="Signature and flow [chrome]" finished-at="2018-07-09T11:06:44Z" duration-ms="99689">
      <class name="myprojects.automation.assignment5.tests.PlaceOrderTest">
        <test-method is-config="true" signature="setUp(java.lang.String, java.lang.String)[pri:0, instance:myprojects.automation.assignment5.tests.PlaceOrderTest@3c9754d8]" started-at="2018-07-09T11:05:04Z" name="setUp" finished-at="2018-07-09T11:05:09Z" duration-ms="4664" status="PASS">
          <params>
            <param index="0">
              <value>
                <![CDATA[chrome]]>
              </value>
            </param>
            <param index="1">
              <value>
                <![CDATA[http://localhost:4444/wd/hub]]>
              </value>
            </param>
          </params>
          <reporter-output>
          </reporter-output>
        </test-method> <!-- setUp -->
        <test-method signature="checkSignature()[pri:1, instance:myprojects.automation.assignment5.tests.PlaceOrderTest@3c9754d8]" started-at="2018-07-09T11:05:09Z" name="checkSignature" finished-at="2018-07-09T11:06:01Z" duration-ms="52651" status="FAIL">
          <exception class="java.lang.AssertionError">
            <message>
              <![CDATA[expected [82.35] but found [82.36]]]>
            </message>
            <full-stacktrace>
              <![CDATA[java.lang.AssertionError: expected [82.35] but found [82.36]
at org.testng.Assert.fail(Assert.java:96)
at org.testng.Assert.failNotEquals(Assert.java:776)
at org.testng.Assert.assertEqualsImpl(Assert.java:137)
at org.testng.Assert.assertEquals(Assert.java:118)
at org.testng.Assert.assertEquals(Assert.java:442)
at myprojects.automation.assignment5.GeneralActions.checkOrderSignature(GeneralActions.java:516)
at myprojects.automation.assignment5.GeneralActions.orderSignature(GeneralActions.java:486)
at myprojects.automation.assignment5.tests.PlaceOrderTest.checkSignature(PlaceOrderTest.java:45)
at java.base/jdk.internal.reflect.NativeMethodAccessorImpl.invoke0(Native Method)
at java.base/jdk.internal.reflect.NativeMethodAccessorImpl.invoke(NativeMethodAccessorImpl.java:62)
at java.base/jdk.internal.reflect.DelegatingMethodAccessorImpl.invoke(DelegatingMethodAccessorImpl.java:43)
at java.base/java.lang.reflect.Method.invoke(Method.java:564)
at org.testng.internal.MethodInvocationHelper.invokeMethod(MethodInvocationHelper.java:124)
at org.testng.internal.Invoker.invokeMethod(Invoker.java:583)
at org.testng.internal.Invoker.invokeTestMethod(Invoker.java:719)
at org.testng.internal.Invoker.invokeTestMethods(Invoker.java:989)
at org.testng.internal.TestMethodWorker.invokeTestMethods(TestMethodWorker.java:125)
at org.testng.internal.TestMethodWorker.run(TestMethodWorker.java:109)
at org.testng.TestRunner.privateRun(TestRunner.java:648)
at org.testng.TestRunner.run(TestRunner.java:505)
at org.testng.SuiteRunner.runTest(SuiteRunner.java:455)
at org.testng.SuiteRunner.runSequentially(SuiteRunner.java:450)
at org.testng.SuiteRunner.privateRun(SuiteRunner.java:415)
at org.testng.SuiteRunner.run(SuiteRunner.java:364)
at org.testng.SuiteRunnerWorker.runSuite(SuiteRunnerWorker.java:52)
at org.testng.SuiteRunnerWorker.run(SuiteRunnerWorker.java:84)
at org.testng.TestNG.runSuitesSequentially(TestNG.java:1208)
at org.testng.TestNG.runSuitesLocally(TestNG.java:1137)
at org.testng.TestNG.runSuites(TestNG.java:1049)
at org.testng.TestNG.run(TestNG.java:1017)
at org.apache.maven.surefire.testng.TestNGExecutor.run(TestNGExecutor.java:283)
at org.apache.maven.surefire.testng.TestNGXmlTestSuite.execute(TestNGXmlTestSuite.java:75)
at org.apache.maven.surefire.testng.TestNGProvider.invoke(TestNGProvider.java:120)
at org.apache.maven.surefire.booter.ForkedBooter.invokeProviderInSameClassLoader(ForkedBooter.java:373)
at org.apache.maven.surefire.booter.ForkedBooter.runSuitesInProcess(ForkedBooter.java:334)
at org.apache.maven.surefire.booter.ForkedBooter.execute(ForkedBooter.java:119)
at org.apache.maven.surefire.booter.ForkedBooter.main(ForkedBooter.java:407)
]]>
            </full-stacktrace>
          </exception> <!-- java.lang.AssertionError -->
          <reporter-output>
            <line>
              <![CDATA[[14:05:20.6711641] Main page is passed]]>
            </line>
            <line>
              <![CDATA[[14:05:21.0190174] 
Passed budget Page]]>
            </line>
            <line>
              <![CDATA[[14:05:28.1203506] 
 Set SMS Page is passed]]>
            </line>
            <line>
              <![CDATA[[14:05:31.2528223] ACTION: 
 Passed Full Name]]>
            </line>
            <line>
              <![CDATA[[14:05:31.891209] 
 Passed Full name page]]>
            </line>
            <line>
              <![CDATA[[14:05:35.0175576] ACTION: Birthday entered]]>
            </line>
            <line>
              <![CDATA[[14:05:36.2591652] step Set Gender is Passed]]>
            </line>
            <line>
              <![CDATA[[14:05:37.0028951] Step Set WorkType is Passed]]>
            </line>
            <line>
              <![CDATA[[14:05:37.0363314] Step Set WorkType is Passed]]>
            </line>
            <line>
              <![CDATA[[14:05:38.7256563] 
 Passed workExpirience page]]>
            </line>
            <line>
              <![CDATA[[14:05:40.4021931] 
 Passed monthlyIncome]]>
            </line>
            <line>
              <![CDATA[[14:05:41.4402287] 
 Monthly income is confirmed]]>
            </line>
            <line>
              <![CDATA[[14:05:42.9417888] 
 Upload link click Passed]]>
            </line>
            <line>
              <![CDATA[[14:05:45.5369985] ACTION: 
Set downpayment$1000]]>
            </line>
            <line>
              <![CDATA[[14:05:45.6557793] 
 Downpament page passed 1000]]>
            </line>
            <line>
              <![CDATA[[14:05:56.8967865] ACTION: Failed Car selection]]>
            </line>
            <line>
              <![CDATA[SelectCar<a href=file:/C:/InstantCaRAutomation/InstantCarAutomation/screenshot/%20SelectCar_.png> click to open screenshot of SelectCar</a><br>]]>
            </line>
            <line>
              <![CDATA[<br>]]>
            </line>
            <line>
              <![CDATA[[14:06:01.6292607] 
 Lease rate is passed->633.5:633.5]]>
            </line>
          </reporter-output>
        </test-method> <!-- checkSignature -->
        <test-method signature="checkLeasePMTOnSelectDeliveryPage_icla100()[pri:2, instance:myprojects.automation.assignment5.tests.PlaceOrderTest@3c9754d8]" started-at="2018-07-09T11:06:01Z" name="checkLeasePMTOnSelectDeliveryPage_icla100" finished-at="2018-07-09T11:06:01Z" duration-ms="149" status="FAIL">
          <exception class="java.lang.AssertionError">
            <message>
              <![CDATA[expected [715.85] but found [715.86]]]>
            </message>
            <full-stacktrace>
              <![CDATA[java.lang.AssertionError: expected [715.85] but found [715.86]
at org.testng.Assert.fail(Assert.java:96)
at org.testng.Assert.failNotEquals(Assert.java:776)
at org.testng.Assert.assertEquals(Assert.java:489)
at org.testng.Assert.assertEquals(Assert.java:502)
at myprojects.automation.assignment5.GeneralActions.checkLeasePMTOnSelectDeliveryOptions(GeneralActions.java:624)
at myprojects.automation.assignment5.tests.PlaceOrderTest.checkLeasePMTOnSelectDeliveryPage_icla100(PlaceOrderTest.java:52)
at java.base/jdk.internal.reflect.NativeMethodAccessorImpl.invoke0(Native Method)
at java.base/jdk.internal.reflect.NativeMethodAccessorImpl.invoke(NativeMethodAccessorImpl.java:62)
at java.base/jdk.internal.reflect.DelegatingMethodAccessorImpl.invoke(DelegatingMethodAccessorImpl.java:43)
at java.base/java.lang.reflect.Method.invoke(Method.java:564)
at org.testng.internal.MethodInvocationHelper.invokeMethod(MethodInvocationHelper.java:124)
at org.testng.internal.Invoker.invokeMethod(Invoker.java:583)
at org.testng.internal.Invoker.invokeTestMethod(Invoker.java:719)
at org.testng.internal.Invoker.invokeTestMethods(Invoker.java:989)
at org.testng.internal.TestMethodWorker.invokeTestMethods(TestMethodWorker.java:125)
at org.testng.internal.TestMethodWorker.run(TestMethodWorker.java:109)
at org.testng.TestRunner.privateRun(TestRunner.java:648)
at org.testng.TestRunner.run(TestRunner.java:505)
at org.testng.SuiteRunner.runTest(SuiteRunner.java:455)
at org.testng.SuiteRunner.runSequentially(SuiteRunner.java:450)
at org.testng.SuiteRunner.privateRun(SuiteRunner.java:415)
at org.testng.SuiteRunner.run(SuiteRunner.java:364)
at org.testng.SuiteRunnerWorker.runSuite(SuiteRunnerWorker.java:52)
at org.testng.SuiteRunnerWorker.run(SuiteRunnerWorker.java:84)
at org.testng.TestNG.runSuitesSequentially(TestNG.java:1208)
at org.testng.TestNG.runSuitesLocally(TestNG.java:1137)
at org.testng.TestNG.runSuites(TestNG.java:1049)
at org.testng.TestNG.run(TestNG.java:1017)
at org.apache.maven.surefire.testng.TestNGExecutor.run(TestNGExecutor.java:283)
at org.apache.maven.surefire.testng.TestNGXmlTestSuite.execute(TestNGXmlTestSuite.java:75)
at org.apache.maven.surefire.testng.TestNGProvider.invoke(TestNGProvider.java:120)
at org.apache.maven.surefire.booter.ForkedBooter.invokeProviderInSameClassLoader(ForkedBooter.java:373)
at org.apache.maven.surefire.booter.ForkedBooter.runSuitesInProcess(ForkedBooter.java:334)
at org.apache.maven.surefire.booter.ForkedBooter.execute(ForkedBooter.java:119)
at org.apache.maven.surefire.booter.ForkedBooter.main(ForkedBooter.java:407)
]]>
            </full-stacktrace>
          </exception> <!-- java.lang.AssertionError -->
          <reporter-output>
          </reporter-output>
        </test-method> <!-- checkLeasePMTOnSelectDeliveryPage_icla100 -->
        <test-method signature="check_icla99()[pri:3, instance:myprojects.automation.assignment5.tests.PlaceOrderTest@3c9754d8]" started-at="2018-07-09T11:06:01Z" name="check_icla99" finished-at="2018-07-09T11:06:01Z" duration-ms="113" status="FAIL">
          <exception class="java.lang.AssertionError">
            <message>
              <![CDATA[expected [715.86] but found [715.85]]]>
            </message>
            <full-stacktrace>
              <![CDATA[java.lang.AssertionError: expected [715.86] but found [715.85]
at org.testng.Assert.fail(Assert.java:96)
at org.testng.Assert.failNotEquals(Assert.java:776)
at org.testng.Assert.assertEquals(Assert.java:489)
at org.testng.Assert.assertEquals(Assert.java:502)
at myprojects.automation.assignment5.GeneralActions.checkLeaseRateOnCarPtifilePage(GeneralActions.java:667)
at myprojects.automation.assignment5.tests.PlaceOrderTest.check_icla99(PlaceOrderTest.java:58)
at java.base/jdk.internal.reflect.NativeMethodAccessorImpl.invoke0(Native Method)
at java.base/jdk.internal.reflect.NativeMethodAccessorImpl.invoke(NativeMethodAccessorImpl.java:62)
at java.base/jdk.internal.reflect.DelegatingMethodAccessorImpl.invoke(DelegatingMethodAccessorImpl.java:43)
at java.base/java.lang.reflect.Method.invoke(Method.java:564)
at org.testng.internal.MethodInvocationHelper.invokeMethod(MethodInvocationHelper.java:124)
at org.testng.internal.Invoker.invokeMethod(Invoker.java:583)
at org.testng.internal.Invoker.invokeTestMethod(Invoker.java:719)
at org.testng.internal.Invoker.invokeTestMethods(Invoker.java:989)
at org.testng.internal.TestMethodWorker.invokeTestMethods(TestMethodWorker.java:125)
at org.testng.internal.TestMethodWorker.run(TestMethodWorker.java:109)
at org.testng.TestRunner.privateRun(TestRunner.java:648)
at org.testng.TestRunner.run(TestRunner.java:505)
at org.testng.SuiteRunner.runTest(SuiteRunner.java:455)
at org.testng.SuiteRunner.runSequentially(SuiteRunner.java:450)
at org.testng.SuiteRunner.privateRun(SuiteRunner.java:415)
at org.testng.SuiteRunner.run(SuiteRunner.java:364)
at org.testng.SuiteRunnerWorker.runSuite(SuiteRunnerWorker.java:52)
at org.testng.SuiteRunnerWorker.run(SuiteRunnerWorker.java:84)
at org.testng.TestNG.runSuitesSequentially(TestNG.java:1208)
at org.testng.TestNG.runSuitesLocally(TestNG.java:1137)
at org.testng.TestNG.runSuites(TestNG.java:1049)
at org.testng.TestNG.run(TestNG.java:1017)
at org.apache.maven.surefire.testng.TestNGExecutor.run(TestNGExecutor.java:283)
at org.apache.maven.surefire.testng.TestNGXmlTestSuite.execute(TestNGXmlTestSuite.java:75)
at org.apache.maven.surefire.testng.TestNGProvider.invoke(TestNGProvider.java:120)
at org.apache.maven.surefire.booter.ForkedBooter.invokeProviderInSameClassLoader(ForkedBooter.java:373)
at org.apache.maven.surefire.booter.ForkedBooter.runSuitesInProcess(ForkedBooter.java:334)
at org.apache.maven.surefire.booter.ForkedBooter.execute(ForkedBooter.java:119)
at org.apache.maven.surefire.booter.ForkedBooter.main(ForkedBooter.java:407)
]]>
            </full-stacktrace>
          </exception> <!-- java.lang.AssertionError -->
          <reporter-output>
          </reporter-output>
        </test-method> <!-- check_icla99 -->
        <test-method signature="checkRecivedPayment_icla101()[pri:4, instance:myprojects.automation.assignment5.tests.PlaceOrderTest@3c9754d8]" started-at="2018-07-09T11:06:01Z" name="checkRecivedPayment_icla101" finished-at="2018-07-09T11:06:40Z" duration-ms="38628" status="FAIL">
          <exception class="java.lang.AssertionError">
            <message>
              <![CDATA[expected [715.86] but found [740.0]]]>
            </message>
            <full-stacktrace>
              <![CDATA[java.lang.AssertionError: expected [715.86] but found [740.0]
at org.testng.Assert.fail(Assert.java:96)
at org.testng.Assert.failNotEquals(Assert.java:776)
at org.testng.Assert.assertEquals(Assert.java:489)
at org.testng.Assert.assertEquals(Assert.java:502)
at myprojects.automation.assignment5.GeneralActions.recivedPayment(GeneralActions.java:583)
at myprojects.automation.assignment5.tests.PlaceOrderTest.checkRecivedPayment_icla101(PlaceOrderTest.java:103)
at java.base/jdk.internal.reflect.NativeMethodAccessorImpl.invoke0(Native Method)
at java.base/jdk.internal.reflect.NativeMethodAccessorImpl.invoke(NativeMethodAccessorImpl.java:62)
at java.base/jdk.internal.reflect.DelegatingMethodAccessorImpl.invoke(DelegatingMethodAccessorImpl.java:43)
at java.base/java.lang.reflect.Method.invoke(Method.java:564)
at org.testng.internal.MethodInvocationHelper.invokeMethod(MethodInvocationHelper.java:124)
at org.testng.internal.Invoker.invokeMethod(Invoker.java:583)
at org.testng.internal.Invoker.invokeTestMethod(Invoker.java:719)
at org.testng.internal.Invoker.invokeTestMethods(Invoker.java:989)
at org.testng.internal.TestMethodWorker.invokeTestMethods(TestMethodWorker.java:125)
at org.testng.internal.TestMethodWorker.run(TestMethodWorker.java:109)
at org.testng.TestRunner.privateRun(TestRunner.java:648)
at org.testng.TestRunner.run(TestRunner.java:505)
at org.testng.SuiteRunner.runTest(SuiteRunner.java:455)
at org.testng.SuiteRunner.runSequentially(SuiteRunner.java:450)
at org.testng.SuiteRunner.privateRun(SuiteRunner.java:415)
at org.testng.SuiteRunner.run(SuiteRunner.java:364)
at org.testng.SuiteRunnerWorker.runSuite(SuiteRunnerWorker.java:52)
at org.testng.SuiteRunnerWorker.run(SuiteRunnerWorker.java:84)
at org.testng.TestNG.runSuitesSequentially(TestNG.java:1208)
at org.testng.TestNG.runSuitesLocally(TestNG.java:1137)
at org.testng.TestNG.runSuites(TestNG.java:1049)
at org.testng.TestNG.run(TestNG.java:1017)
at org.apache.maven.surefire.testng.TestNGExecutor.run(TestNGExecutor.java:283)
at org.apache.maven.surefire.testng.TestNGXmlTestSuite.execute(TestNGXmlTestSuite.java:75)
at org.apache.maven.surefire.testng.TestNGProvider.invoke(TestNGProvider.java:120)
at org.apache.maven.surefire.booter.ForkedBooter.invokeProviderInSameClassLoader(ForkedBooter.java:373)
at org.apache.maven.surefire.booter.ForkedBooter.runSuitesInProcess(ForkedBooter.java:334)
at org.apache.maven.surefire.booter.ForkedBooter.execute(ForkedBooter.java:119)
at org.apache.maven.surefire.booter.ForkedBooter.main(ForkedBooter.java:407)
]]>
            </full-stacktrace>
          </exception> <!-- java.lang.AssertionError -->
          <reporter-output>
            <line>
              <![CDATA[[14:06:03.0514158] Main page is passed]]>
            </line>
            <line>
              <![CDATA[[14:06:03.2041812] 
Passed budget Page]]>
            </line>
            <line>
              <![CDATA[[14:06:06.4788679] ACTION: 
 Passed Full Name]]>
            </line>
            <line>
              <![CDATA[[14:06:07.1343333] 
 Passed Full name page]]>
            </line>
            <line>
              <![CDATA[[14:06:09.6824644] ACTION: Birthday entered]]>
            </line>
            <line>
              <![CDATA[[14:06:10.7760494] step Set Gender is Passed]]>
            </line>
            <line>
              <![CDATA[[14:06:11.7444605] Step Set WorkType is Passed]]>
            </line>
            <line>
              <![CDATA[[14:06:11.7704734] Step Set WorkType is Passed]]>
            </line>
            <line>
              <![CDATA[[14:06:13.3138675] 
 Passed workExpirience page]]>
            </line>
            <line>
              <![CDATA[[14:06:15.0132729] 
 Passed monthlyIncome]]>
            </line>
            <line>
              <![CDATA[[14:06:16.0732123] 
 Monthly income is confirmed]]>
            </line>
            <line>
              <![CDATA[[14:06:16.7765037] 
 Upload link click Passed]]>
            </line>
            <line>
              <![CDATA[[14:06:19.2027182] ACTION: 
Set downpayment$1000]]>
            </line>
            <line>
              <![CDATA[[14:06:19.3344722] 
 Downpament page passed 1000]]>
            </line>
            <line>
              <![CDATA[[14:06:30.6755333] ACTION: Failed Car selection]]>
            </line>
            <line>
              <![CDATA[SelectCar<a href=file:/C:/InstantCaRAutomation/InstantCarAutomation/screenshot/%20SelectCar_.png> click to open screenshot of SelectCar</a><br>]]>
            </line>
            <line>
              <![CDATA[<br>]]>
            </line>
          </reporter-output>
        </test-method> <!-- checkRecivedPayment_icla101 -->
        <test-method signature="checkVehiclePriceAfterReturn_icla102()[pri:5, instance:myprojects.automation.assignment5.tests.PlaceOrderTest@3c9754d8]" started-at="2018-07-09T11:06:40Z" name="checkVehiclePriceAfterReturn_icla102" finished-at="2018-07-09T11:06:44Z" duration-ms="3449" status="FAIL">
          <exception class="java.lang.AssertionError">
            <message>
              <![CDATA[expected [715.86] but found [740.0]]]>
            </message>
            <full-stacktrace>
              <![CDATA[java.lang.AssertionError: expected [715.86] but found [740.0]
at org.testng.Assert.fail(Assert.java:96)
at org.testng.Assert.failNotEquals(Assert.java:776)
at org.testng.Assert.assertEquals(Assert.java:489)
at org.testng.Assert.assertEquals(Assert.java:502)
at myprojects.automation.assignment5.GeneralActions.recivedPayment(GeneralActions.java:583)
at myprojects.automation.assignment5.tests.PlaceOrderTest.checkVehiclePriceAfterReturn_icla102(PlaceOrderTest.java:113)
at java.base/jdk.internal.reflect.NativeMethodAccessorImpl.invoke0(Native Method)
at java.base/jdk.internal.reflect.NativeMethodAccessorImpl.invoke(NativeMethodAccessorImpl.java:62)
at java.base/jdk.internal.reflect.DelegatingMethodAccessorImpl.invoke(DelegatingMethodAccessorImpl.java:43)
at java.base/java.lang.reflect.Method.invoke(Method.java:564)
at org.testng.internal.MethodInvocationHelper.invokeMethod(MethodInvocationHelper.java:124)
at org.testng.internal.Invoker.invokeMethod(Invoker.java:583)
at org.testng.internal.Invoker.invokeTestMethod(Invoker.java:719)
at org.testng.internal.Invoker.invokeTestMethods(Invoker.java:989)
at org.testng.internal.TestMethodWorker.invokeTestMethods(TestMethodWorker.java:125)
at org.testng.internal.TestMethodWorker.run(TestMethodWorker.java:109)
at org.testng.TestRunner.privateRun(TestRunner.java:648)
at org.testng.TestRunner.run(TestRunner.java:505)
at org.testng.SuiteRunner.runTest(SuiteRunner.java:455)
at org.testng.SuiteRunner.runSequentially(SuiteRunner.java:450)
at org.testng.SuiteRunner.privateRun(SuiteRunner.java:415)
at org.testng.SuiteRunner.run(SuiteRunner.java:364)
at org.testng.SuiteRunnerWorker.runSuite(SuiteRunnerWorker.java:52)
at org.testng.SuiteRunnerWorker.run(SuiteRunnerWorker.java:84)
at org.testng.TestNG.runSuitesSequentially(TestNG.java:1208)
at org.testng.TestNG.runSuitesLocally(TestNG.java:1137)
at org.testng.TestNG.runSuites(TestNG.java:1049)
at org.testng.TestNG.run(TestNG.java:1017)
at org.apache.maven.surefire.testng.TestNGExecutor.run(TestNGExecutor.java:283)
at org.apache.maven.surefire.testng.TestNGXmlTestSuite.execute(TestNGXmlTestSuite.java:75)
at org.apache.maven.surefire.testng.TestNGProvider.invoke(TestNGProvider.java:120)
at org.apache.maven.surefire.booter.ForkedBooter.invokeProviderInSameClassLoader(ForkedBooter.java:373)
at org.apache.maven.surefire.booter.ForkedBooter.runSuitesInProcess(ForkedBooter.java:334)
at org.apache.maven.surefire.booter.ForkedBooter.execute(ForkedBooter.java:119)
at org.apache.maven.surefire.booter.ForkedBooter.main(ForkedBooter.java:407)
]]>
            </full-stacktrace>
          </exception> <!-- java.lang.AssertionError -->
          <reporter-output>
          </reporter-output>
        </test-method> <!-- checkVehiclePriceAfterReturn_icla102 -->
        <test-method is-config="true" signature="tearDown()[pri:0, instance:myprojects.automation.assignment5.tests.PlaceOrderTest@3c9754d8]" started-at="2018-07-09T11:06:44Z" name="tearDown" finished-at="2018-07-09T11:06:44Z" duration-ms="1" status="PASS">
          <reporter-output>
          </reporter-output>
        </test-method> <!-- tearDown -->
      </class> <!-- myprojects.automation.assignment5.tests.PlaceOrderTest -->
    </test> <!-- Signature and flow [chrome] -->
    <test started-at="2018-07-09T11:06:44Z" name="API testing" finished-at="2018-07-09T11:06:50Z" duration-ms="6161">
      <class name="myprojects.automation.assignment5.tests.clienPartAPITEST">
        <test-method is-config="true" signature="setUp(java.lang.String, java.lang.String)[pri:0, instance:myprojects.automation.assignment5.tests.clienPartAPITEST@6200f9cb]" started-at="2018-07-09T11:06:44Z" name="setUp" finished-at="2018-07-09T11:06:47Z" duration-ms="3351" status="PASS">
          <params>
            <param index="0">
              <value>
                <![CDATA[chrome]]>
              </value>
            </param>
            <param index="1">
              <value>
                <![CDATA[http://localhost:4444/wd/hub]]>
              </value>
            </param>
          </params>
          <reporter-output>
          </reporter-output>
        </test-method> <!-- setUp -->
        <test-method signature="checkAPISignUP()[pri:0, instance:myprojects.automation.assignment5.tests.clienPartAPITEST@6200f9cb]" started-at="2018-07-09T11:06:47Z" name="checkAPISignUP" finished-at="2018-07-09T11:06:50Z" duration-ms="2809" status="PASS">
          <reporter-output>
          </reporter-output>
        </test-method> <!-- checkAPISignUP -->
        <test-method is-config="true" signature="tearDown()[pri:0, instance:myprojects.automation.assignment5.tests.clienPartAPITEST@6200f9cb]" started-at="2018-07-09T11:06:50Z" name="tearDown" finished-at="2018-07-09T11:06:50Z" duration-ms="1" status="PASS">
          <reporter-output>
          </reporter-output>
        </test-method> <!-- tearDown -->
      </class> <!-- myprojects.automation.assignment5.tests.clienPartAPITEST -->
    </test> <!-- API testing -->
  </suite> <!-- Products Management -->
</testng-results>
